<?xml version="1.0" encoding="UTF-8"?>
<testsuite xmlns:xsi="http://www.w3.org/2001/XMLSchema-instance" xsi:noNamespaceSchemaLocation="https://maven.apache.org/surefire/maven-surefire-plugin/xsd/surefire-test-report.xsd" version="3.0.2" name="TestSuite" time="15.326" tests="2" errors="0" skipped="0" failures="0">
  <properties>
[...]
</properties>
  <testcase name="verify_account_registration" classname="testCases.TC001_AccountRegistrationTest" time="2.439">
    <system-out><![CDATA[20:24:08:550[main] DEBUG org.testng.TestNG - suiteXmlPath: "C:\Users\Moona\Downloads\Udemy\Udemy Eclipse workspace\OpencartV121\master.xml"
20:24:13:728[main] INFO  testCases.TC001_AccountRegistrationTest - **** Starting TC001_AccountRegistrationTest ****
20:24:13:823[main] INFO  testCases.TC001_AccountRegistrationTest - Clicked on My Account link
20:24:14:406[main] INFO  testCases.TC001_AccountRegistrationTest - Clicked on Register link
20:24:14:409[main] INFO  testCases.TC001_AccountRegistrationTest - Providing customer details...
20:24:16:084[main] INFO  testCases.TC001_AccountRegistrationTest - Validating expected message...
20:24:16:146[main] INFO  testCases.TC001_AccountRegistrationTest - **** Finished TC001_AccountRegistrationTest ****
]]></system-out>
    <system-err><![CDATA[Aug 30, 2024 8:24:11 PM org.openqa.selenium.devtools.CdpVersionFinder findNearestMatch
WARNING: Unable to find an exact match for CDP version 128, returning the closest version; found: 127; Please update to a Selenium version that supports CDP version 128
]]></system-err>
  </testcase>
  <testcase name="verify_login" classname="testCases.TC002_LoginTest" time="1.476">
    <system-out><![CDATA[20:24:20:334[main] INFO  testCases.TC002_LoginTest - *****Starting TC_002_LoginTest *****
20:24:21:807[main] INFO  testCases.TC002_LoginTest - *****Finished TC_002_LoginTest *****
]]></system-out>
    <system-err><![CDATA[Aug 30, 2024 8:24:17 PM org.openqa.selenium.devtools.CdpVersionFinder findNearestMatch
WARNING: Unable to find an exact match for CDP version 128, returning the closest version; found: 127; Please update to a Selenium version that supports CDP version 128
]]></system-err>
  </testcase>
</testsuite>